Sat Dec  2 15:44:55 2023: Running xcd server. This server was built by gradle.
Sat Dec  2 15:44:55 2023: Server was asked to start on port: '43145'
Sat Dec  2 15:44:55 2023: Server is using token UUID: 'ed148fb6-5baa-4e00-9400-bd57253ae2ff'
Sat Dec  2 15:44:55 2023: SESSION_MGR: creating session with session uuid: '6d04a3e9-ade5-4ab9-8d63-1f78fcd2ec76' and name 'default'
Sat Dec  2 15:44:55 2023: Attempting to start server on port '43145'
Sat Dec  2 15:44:55 2023: XCD main fifo: created main fifo '/tmp/xcdmained148fb6-5baa-4e00-9400-bd57253ae2ff', fd read = 13
Sat Dec  2 15:44:55 2023: Running Dispatch Server
Sat Dec  2 15:44:55 2023: Version 2.2.0
Sat Dec  2 15:45:02 2023: Dispatch Server: Accepted socket connection from client
Sat Dec  2 15:45:02 2023: Starting Socket connection
Sat Dec  2 15:45:02 2023: EXCHANGE_TOKEN received, server token: ed148fb6-5baa-4e00-9400-bd57253ae2ff, passed token: ed148fb6-5baa-4e00-9400-bd57253ae2ff
Sat Dec  2 15:45:02 2023: SESSION_MGR: creating session with session uuid: 'b7d34468-69e3-4bf7-b91a-2ec865bfebdc' and name 'vitis_hls'
Sat Dec  2 15:45:02 2023: KERNEL_SVC: creating session with uuid: 'b7d34468-69e3-4bf7-b91a-2ec865bfebdc' and name 'vitis_hls'
Sat Dec  2 15:45:02 2023: GUIDANCE_SMGR: creating guidance session with uuid: 'b7d34468-69e3-4bf7-b91a-2ec865bfebdc' and name 'vitis_hls'
Sat Dec  2 15:45:33 2023: STOP_SERVER received, server token: ed148fb6-5baa-4e00-9400-bd57253ae2ff, passed token: ed148fb6-5baa-4e00-9400-bd57253ae2ff
Sat Dec  2 15:45:33 2023: Socket received request to stop server.
Sat Dec  2 15:45:33 2023: Dispatch Server: do_await_stop
Sat Dec  2 15:45:33 2023: Dispatch Server: stopping mainFifo_
Sat Dec  2 15:45:33 2023: XCD main fifo: Stopping
Sat Dec  2 15:45:33 2023: XCD main fifo: do_read error code: Operation canceled
Sat Dec  2 15:45:33 2023: XCD main fifo: bytes_transferred: 0
Sat Dec  2 15:45:33 2023: SERVER: destructor for server bound to port 43145
Sat Dec  2 15:45:33 2023: XCD main fifo: Good unlink of /tmp/xcdmained148fb6-5baa-4e00-9400-bd57253ae2ff
Sat Dec  2 15:45:33 2023: Server exiting with status 0.
Sat Dec  2 15:45:33 2023: Closing log file.
