

================================================================
== Vitis HLS Report for 'matrixMul'
================================================================
* Date:           Sat Dec  2 15:45:32 2023

* Version:        2022.2 (Build 3670227 on Oct 13 2022)
* Project:        matrixMult
* Solution:       solution1 (Vitis Kernel Flow Target)
* Product family: zynquplus
* Target device:  xczu9eg-ffvb1156-2-e


================================================================
== Performance Estimates
================================================================
+ Timing: 
    * Summary: 
    +--------+----------+----------+------------+
    |  Clock |  Target  | Estimated| Uncertainty|
    +--------+----------+----------+------------+
    |ap_clk  |  10.00 ns|      0 ns|     2.70 ns|
    +--------+----------+----------+------------+

+ Latency: 
    * Summary: 
    +---------+---------+----------+----------+-----+-----+---------+
    |  Latency (cycles) |  Latency (absolute) |  Interval | Pipeline|
    |   min   |   max   |    min   |    max   | min | max |   Type  |
    +---------+---------+----------+----------+-----+-----+---------+
    |        0|        0|      0 ns|      0 ns|    1|    1|      yes|
    +---------+---------+----------+----------+-----+-----+---------+

    + Detail: 
        * Instance: 
        N/A

        * Loop: 
        N/A



================================================================
== Utilization Estimates
================================================================
* Summary: 
+-----------------+---------+------+--------+--------+-----+
|       Name      | BRAM_18K|  DSP |   FF   |   LUT  | URAM|
+-----------------+---------+------+--------+--------+-----+
|DSP              |        -|     -|       -|       -|    -|
|Expression       |        -|     -|       0|       2|    -|
|FIFO             |        -|     -|       -|       -|    -|
|Instance         |        0|     -|      36|      40|    0|
|Memory           |        -|     -|       -|       -|    -|
|Multiplexer      |        -|     -|       -|       9|    -|
|Register         |        -|     -|       5|       -|    -|
+-----------------+---------+------+--------+--------+-----+
|Total            |        0|     0|      41|      51|    0|
+-----------------+---------+------+--------+--------+-----+
|Available        |     1824|  2520|  548160|  274080|    0|
+-----------------+---------+------+--------+--------+-----+
|Utilization (%)  |        0|     0|      ~0|      ~0|    0|
+-----------------+---------+------+--------+--------+-----+

+ Detail: 
    * Instance: 
    +-----------------+---------------+---------+----+----+----+-----+
    |     Instance    |     Module    | BRAM_18K| DSP| FF | LUT| URAM|
    +-----------------+---------------+---------+----+----+----+-----+
    |control_s_axi_U  |control_s_axi  |        0|   0|  36|  40|    0|
    +-----------------+---------------+---------+----+----+----+-----+
    |Total            |               |        0|   0|  36|  40|    0|
    +-----------------+---------------+---------+----+----+----+-----+

    * DSP: 
    N/A

    * Memory: 
    N/A

    * FIFO: 
    N/A

    * Expression: 
    +-----------------+----------+----+---+----+------------+------------+
    |  Variable Name  | Operation| DSP| FF| LUT| Bitwidth P0| Bitwidth P1|
    +-----------------+----------+----+---+----+------------+------------+
    |ap_block_state1  |        or|   0|  0|   2|           1|           1|
    +-----------------+----------+----+---+----+------------+------------+
    |Total            |          |   0|  0|   2|           1|           1|
    +-----------------+----------+----+---+----+------------+------------+

    * Multiplexer: 
    +---------+----+-----------+-----+-----------+
    |   Name  | LUT| Input Size| Bits| Total Bits|
    +---------+----+-----------+-----+-----------+
    |ap_done  |   9|          2|    1|          2|
    +---------+----+-----------+-----+-----------+
    |Total    |   9|          2|    1|          2|
    +---------+----+-----------+-----+-----------+

    * Register: 
    +--------------+---+----+-----+-----------+
    |     Name     | FF| LUT| Bits| Const Bits|
    +--------------+---+----+-----+-----------+
    |ap_CS_fsm     |  1|   0|    1|          0|
    |ap_done_reg   |  1|   0|    1|          0|
    |ap_rst_n_inv  |  1|   0|    1|          0|
    |ap_rst_reg_1  |  1|   0|    1|          0|
    |ap_rst_reg_2  |  1|   0|    1|          0|
    +--------------+---+----+-----+-----------+
    |Total         |  5|   0|    5|          0|
    +--------------+---+----+-----+-----------+



================================================================
== Interface
================================================================
* Summary: 
+-----------------------+-----+-----+---------------+--------------+--------------+
|       RTL Ports       | Dir | Bits|    Protocol   | Source Object|    C Type    |
+-----------------------+-----+-----+---------------+--------------+--------------+
|s_axi_control_AWVALID  |   in|    1|          s_axi|       control|   return void|
|s_axi_control_AWREADY  |  out|    1|          s_axi|       control|   return void|
|s_axi_control_AWADDR   |   in|    4|          s_axi|       control|   return void|
|s_axi_control_WVALID   |   in|    1|          s_axi|       control|   return void|
|s_axi_control_WREADY   |  out|    1|          s_axi|       control|   return void|
|s_axi_control_WDATA    |   in|   32|          s_axi|       control|   return void|
|s_axi_control_WSTRB    |   in|    4|          s_axi|       control|   return void|
|s_axi_control_ARVALID  |   in|    1|          s_axi|       control|   return void|
|s_axi_control_ARREADY  |  out|    1|          s_axi|       control|   return void|
|s_axi_control_ARADDR   |   in|    4|          s_axi|       control|   return void|
|s_axi_control_RVALID   |  out|    1|          s_axi|       control|   return void|
|s_axi_control_RREADY   |   in|    1|          s_axi|       control|   return void|
|s_axi_control_RDATA    |  out|   32|          s_axi|       control|   return void|
|s_axi_control_RRESP    |  out|    2|          s_axi|       control|   return void|
|s_axi_control_BVALID   |  out|    1|          s_axi|       control|   return void|
|s_axi_control_BREADY   |   in|    1|          s_axi|       control|   return void|
|s_axi_control_BRESP    |  out|    2|          s_axi|       control|   return void|
|ap_clk                 |   in|    1|  ap_ctrl_chain|     matrixMul|  return value|
|ap_rst_n               |   in|    1|  ap_ctrl_chain|     matrixMul|  return value|
|interrupt              |  out|    1|  ap_ctrl_chain|     matrixMul|  return value|
+-----------------------+-----+-----+---------------+--------------+--------------+

